[1215/115926.189:ERROR:directory_reader_win.cc(43)] FindFirstFile: O sistema não pode encontrar o caminho especificado. (0x3)
[1215/120151.637:ERROR:directory_reader_win.cc(43)] FindFirstFile: O sistema não pode encontrar o caminho especificado. (0x3)
[1215/123537.233:ERROR:directory_reader_win.cc(43)] FindFirstFile: O sistema não pode encontrar o caminho especificado. (0x3)
[1215/130144.876:ERROR:directory_reader_win.cc(43)] FindFirstFile: O sistema não pode encontrar o caminho especificado. (0x3)
[1215/142159.155:ERROR:directory_reader_win.cc(43)] FindFirstFile: O sistema não pode encontrar o caminho especificado. (0x3)
[1215/142320.327:ERROR:directory_reader_win.cc(43)] FindFirstFile: O sistema não pode encontrar o caminho especificado. (0x3)
[1215/142415.656:ERROR:directory_reader_win.cc(43)] FindFirstFile: O sistema não pode encontrar o caminho especificado. (0x3)
[1215/144925.389:ERROR:process_info.cc(359)] UncheckedAllocate
[1215/144925.442:ERROR:filesystem_win.cc(129)] GetFileAttributes C:\Users\881912\AppData\Local\Temp\scoped_dir2444_938784306\Crashpad\attachments\bc61c001-2715-4bd1-8ec1-b2ca8bf760ec: O sistema não pode encontrar o caminho especificado. (0x3)
[1215/150343.130:ERROR:filesystem_win.cc(129)] GetFileAttributes C:\Users\881912\AppData\Local\Temp\scoped_dir20096_1276000074\Crashpad\attachments\21bf52e8-eac0-4de3-bedf-a1556d3644ea: O sistema não pode encontrar o caminho especificado. (0x3)
[1215/152401.645:ERROR:directory_reader_win.cc(43)] FindFirstFile: O sistema não pode encontrar o caminho especificado. (0x3)
[1215/154816.452:ERROR:directory_reader_win.cc(43)] FindFirstFile: O sistema não pode encontrar o caminho especificado. (0x3)
[1215/160335.246:ERROR:directory_reader_win.cc(43)] FindFirstFile: O sistema não pode encontrar o caminho especificado. (0x3)
[1215/162400.190:ERROR:directory_reader_win.cc(43)] FindFirstFile: O sistema não pode encontrar o caminho especificado. (0x3)
[1215/163136.749:ERROR:directory_reader_win.cc(43)] FindFirstFile: O sistema não pode encontrar o caminho especificado. (0x3)
[1216/091855.322:ERROR:directory_reader_win.cc(43)] FindFirstFile: O sistema não pode encontrar o caminho especificado. (0x3)
[1216/095310.713:ERROR:directory_reader_win.cc(43)] FindFirstFile: O sistema não pode encontrar o caminho especificado. (0x3)
[1216/103648.195:ERROR:directory_reader_win.cc(43)] FindFirstFile: O sistema não pode encontrar o caminho especificado. (0x3)
[1216/111919.441:ERROR:directory_reader_win.cc(43)] FindFirstFile: O sistema não pode encontrar o caminho especificado. (0x3)
[1216/112114.237:ERROR:directory_reader_win.cc(43)] FindFirstFile: O sistema não pode encontrar o caminho especificado. (0x3)
[1216/112906.868:ERROR:directory_reader_win.cc(43)] FindFirstFile: O sistema não pode encontrar o caminho especificado. (0x3)
[1216/114159.765:ERROR:directory_reader_win.cc(43)] FindFirstFile: O sistema não pode encontrar o caminho especificado. (0x3)
[1216/115909.838:ERROR:directory_reader_win.cc(43)] FindFirstFile: O sistema não pode encontrar o caminho especificado. (0x3)
[1216/122010.147:ERROR:directory_reader_win.cc(43)] FindFirstFile: O sistema não pode encontrar o caminho especificado. (0x3)
[1216/122716.889:ERROR:directory_reader_win.cc(43)] FindFirstFile: O sistema não pode encontrar o caminho especificado. (0x3)
[1216/130528.396:ERROR:directory_reader_win.cc(43)] FindFirstFile: O sistema não pode encontrar o caminho especificado. (0x3)
[1216/130624.257:ERROR:directory_reader_win.cc(43)] FindFirstFile: O sistema não pode encontrar o caminho especificado. (0x3)
[1216/140040.060:ERROR:directory_reader_win.cc(43)] FindFirstFile: O sistema não pode encontrar o caminho especificado. (0x3)
[1216/144614.197:ERROR:directory_reader_win.cc(43)] FindFirstFile: O sistema não pode encontrar o caminho especificado. (0x3)
[1216/145146.186:ERROR:directory_reader_win.cc(43)] FindFirstFile: O sistema não pode encontrar o caminho especificado. (0x3)
[1216/161951.980:ERROR:directory_reader_win.cc(43)] FindFirstFile: O sistema não pode encontrar o caminho especificado. (0x3)
[1216/171043.545:ERROR:directory_reader_win.cc(43)] FindFirstFile: O sistema não pode encontrar o caminho especificado. (0x3)
[1216/173532.185:ERROR:directory_reader_win.cc(43)] FindFirstFile: O sistema não pode encontrar o caminho especificado. (0x3)
[1217/090640.477:ERROR:directory_reader_win.cc(43)] FindFirstFile: O sistema não pode encontrar o caminho especificado. (0x3)
[1217/100346.027:ERROR:directory_reader_win.cc(43)] FindFirstFile: O sistema não pode encontrar o caminho especificado. (0x3)
[1217/102415.403:ERROR:directory_reader_win.cc(43)] FindFirstFile: O sistema não pode encontrar o caminho especificado. (0x3)
[1217/103521.040:ERROR:directory_reader_win.cc(43)] FindFirstFile: O sistema não pode encontrar o caminho especificado. (0x3)
[1217/105054.614:ERROR:directory_reader_win.cc(43)] FindFirstFile: O sistema não pode encontrar o caminho especificado. (0x3)
[1217/111521.797:ERROR:directory_reader_win.cc(43)] FindFirstFile: O sistema não pode encontrar o caminho especificado. (0x3)
[1217/114349.452:ERROR:directory_reader_win.cc(43)] FindFirstFile: O sistema não pode encontrar o caminho especificado. (0x3)
[1217/120613.648:ERROR:directory_reader_win.cc(43)] FindFirstFile: O sistema não pode encontrar o caminho especificado. (0x3)
[1217/125046.407:ERROR:directory_reader_win.cc(43)] FindFirstFile: O sistema não pode encontrar o caminho especificado. (0x3)
[1217/145351.898:ERROR:directory_reader_win.cc(43)] FindFirstFile: O sistema não pode encontrar o caminho especificado. (0x3)
[1217/145526.452:ERROR:directory_reader_win.cc(43)] FindFirstFile: O sistema não pode encontrar o caminho especificado. (0x3)
[1217/160723.662:ERROR:directory_reader_win.cc(43)] FindFirstFile: O sistema não pode encontrar o caminho especificado. (0x3)
[1217/165521.922:ERROR:directory_reader_win.cc(43)] FindFirstFile: O sistema não pode encontrar o caminho especificado. (0x3)
[1217/171140.713:ERROR:directory_reader_win.cc(43)] FindFirstFile: O sistema não pode encontrar o caminho especificado. (0x3)
[1218/091257.396:ERROR:directory_reader_win.cc(43)] FindFirstFile: O sistema não pode encontrar o caminho especificado. (0x3)
[1218/110251.216:ERROR:directory_reader_win.cc(43)] FindFirstFile: O sistema não pode encontrar o caminho especificado. (0x3)
[1218/111357.108:ERROR:directory_reader_win.cc(43)] FindFirstFile: O sistema não pode encontrar o caminho especificado. (0x3)
[1218/111804.585:ERROR:directory_reader_win.cc(43)] FindFirstFile: O sistema não pode encontrar o caminho especificado. (0x3)
[1218/113705.299:ERROR:directory_reader_win.cc(43)] FindFirstFile: O sistema não pode encontrar o caminho especificado. (0x3)
[1218/113904.411:ERROR:directory_reader_win.cc(43)] FindFirstFile: O sistema não pode encontrar o caminho especificado. (0x3)
[1218/121310.779:ERROR:directory_reader_win.cc(43)] FindFirstFile: O sistema não pode encontrar o caminho especificado. (0x3)
[1218/123434.846:ERROR:directory_reader_win.cc(43)] FindFirstFile: O sistema não pode encontrar o caminho especificado. (0x3)
[1218/125442.980:ERROR:directory_reader_win.cc(43)] FindFirstFile: O sistema não pode encontrar o caminho especificado. (0x3)
[1218/150844.292:ERROR:directory_reader_win.cc(43)] FindFirstFile: O sistema não pode encontrar o caminho especificado. (0x3)
[1218/150844.292:ERROR:prune_crash_reports.cc(36)] PruneCrashReportDatabase: Failed to get pending reports
[1218/161822.130:ERROR:directory_reader_win.cc(43)] FindFirstFile: O sistema não pode encontrar o caminho especificado. (0x3)
[1221/124101.579:ERROR:directory_reader_win.cc(43)] FindFirstFile: O sistema não pode encontrar o caminho especificado. (0x3)
[1221/124438.730:ERROR:directory_reader_win.cc(43)] FindFirstFile: O sistema não pode encontrar o caminho especificado. (0x3)
[1221/125944.494:ERROR:directory_reader_win.cc(43)] FindFirstFile: O sistema não pode encontrar o caminho especificado. (0x3)
[1221/130129.029:ERROR:directory_reader_win.cc(43)] FindFirstFile: O sistema não pode encontrar o caminho especificado. (0x3)
[1221/130621.716:ERROR:directory_reader_win.cc(43)] FindFirstFile: O sistema não pode encontrar o caminho especificado. (0x3)
[1221/130904.974:ERROR:directory_reader_win.cc(43)] FindFirstFile: O sistema não pode encontrar o caminho especificado. (0x3)
[1221/130958.169:ERROR:process_info.cc(359)] UncheckedAllocate
[1221/130958.213:ERROR:filesystem_win.cc(129)] GetFileAttributes C:\Users\881912\AppData\Local\Temp\scoped_dir17032_1683997015\Crashpad\attachments\d28021ff-6b2e-417d-9868-fc45f9db047f: O sistema não pode encontrar o caminho especificado. (0x3)
[1221/131001.092:ERROR:filesystem_win.cc(129)] GetFileAttributes C:\Users\881912\AppData\Local\Temp\scoped_dir14612_1279805585\Crashpad\attachments\6cd2ecc0-7ddf-4ea6-aa11-8c78ecd20ad2: O sistema não pode encontrar o caminho especificado. (0x3)
[1221/141620.857:ERROR:directory_reader_win.cc(43)] FindFirstFile: O sistema não pode encontrar o caminho especificado. (0x3)
[1221/142711.215:ERROR:directory_reader_win.cc(43)] FindFirstFile: O sistema não pode encontrar o caminho especificado. (0x3)
[1221/145104.542:ERROR:directory_reader_win.cc(43)] FindFirstFile: O sistema não pode encontrar o caminho especificado. (0x3)
[1221/150142.771:ERROR:directory_reader_win.cc(43)] FindFirstFile: O sistema não pode encontrar o caminho especificado. (0x3)
[1221/151903.192:ERROR:directory_reader_win.cc(43)] FindFirstFile: O sistema não pode encontrar o caminho especificado. (0x3)
[1221/152204.446:ERROR:directory_reader_win.cc(43)] FindFirstFile: O sistema não pode encontrar o caminho especificado. (0x3)
[1221/152504.629:ERROR:directory_reader_win.cc(43)] FindFirstFile: O sistema não pode encontrar o caminho especificado. (0x3)
[1221/164214.137:ERROR:directory_reader_win.cc(43)] FindFirstFile: O sistema não pode encontrar o caminho especificado. (0x3)
[1221/172716.713:ERROR:directory_reader_win.cc(43)] FindFirstFile: O sistema não pode encontrar o caminho especificado. (0x3)
[1222/095414.514:ERROR:directory_reader_win.cc(43)] FindFirstFile: O sistema não pode encontrar o caminho especificado. (0x3)
[1222/101119.982:ERROR:directory_reader_win.cc(43)] FindFirstFile: O sistema não pode encontrar o caminho especificado. (0x3)
[1222/101540.375:ERROR:directory_reader_win.cc(43)] FindFirstFile: O sistema não pode encontrar o caminho especificado. (0x3)
[1223/115312.606:ERROR:directory_reader_win.cc(43)] FindFirstFile: O sistema não pode encontrar o caminho especificado. (0x3)
[1223/170512.773:ERROR:directory_reader_win.cc(43)] FindFirstFile: O sistema não pode encontrar o caminho especificado. (0x3)
[1224/101247.495:ERROR:directory_reader_win.cc(43)] FindFirstFile: O sistema não pode encontrar o caminho especificado. (0x3)
[1224/104057.856:ERROR:directory_reader_win.cc(43)] FindFirstFile: O sistema não pode encontrar o caminho especificado. (0x3)
[1224/111710.243:ERROR:directory_reader_win.cc(43)] FindFirstFile: O sistema não pode encontrar o caminho especificado. (0x3)
[1224/115539.657:ERROR:directory_reader_win.cc(43)] FindFirstFile: O sistema não pode encontrar o caminho especificado. (0x3)
[1224/120052.337:ERROR:directory_reader_win.cc(43)] FindFirstFile: O sistema não pode encontrar o caminho especificado. (0x3)
[1224/122518.137:ERROR:directory_reader_win.cc(43)] FindFirstFile: O sistema não pode encontrar o caminho especificado. (0x3)
[1224/124045.038:ERROR:directory_reader_win.cc(43)] FindFirstFile: O sistema não pode encontrar o caminho especificado. (0x3)
[1224/130200.528:ERROR:directory_reader_win.cc(43)] FindFirstFile: O sistema não pode encontrar o caminho especificado. (0x3)
[1224/130200.533:ERROR:prune_crash_reports.cc(36)] PruneCrashReportDatabase: Failed to get pending reports
[1224/130429.297:ERROR:directory_reader_win.cc(43)] FindFirstFile: O sistema não pode encontrar o caminho especificado. (0x3)
[1224/151428.107:ERROR:directory_reader_win.cc(43)] FindFirstFile: O sistema não pode encontrar o caminho especificado. (0x3)
[1224/154632.084:ERROR:directory_reader_win.cc(43)] FindFirstFile: O sistema não pode encontrar o caminho especificado. (0x3)
[1224/160027.045:ERROR:directory_reader_win.cc(43)] FindFirstFile: O sistema não pode encontrar o caminho especificado. (0x3)
[1224/160027.045:ERROR:prune_crash_reports.cc(36)] PruneCrashReportDatabase: Failed to get pending reports
[1228/110056.275:ERROR:directory_reader_win.cc(43)] FindFirstFile: O sistema não pode encontrar o caminho especificado. (0x3)
[1228/141756.796:ERROR:crashpad_client_win.cc(520)] CreateProcess: O arquivo de paginação é muito pequeno para que esta operação seja concluída. (0x5AF)
[1228/141757.046:FATAL:thread_win.cc(27)] Check failed: . CreateThread: Não existem recursos de sistema suficientes para concluir o serviço solicitado. (0x5AA)
[1228/141757.061:ERROR:crashpad_client_win.cc(520)] CreateProcess: Não existem recursos de sistema suficientes para concluir o serviço solicitado. (0x5AA)
[1228/141757.061:ERROR:process_info.cc(359)] UncheckedAllocate
[1228/141757.061:ERROR:process_info.cc(359)] UncheckedAllocate
[1228/141757.108:ERROR:process_info.cc(359)] UncheckedAllocate
[1228/141757.108:FATAL:exception_handler_server.cc(329)] Check failed: . CreateThread: O arquivo de paginação é muito pequeno para que esta operação seja concluída. (0x5AF)
[1228/141757.155:FATAL:thread_win.cc(27)] Check failed: . CreateThread: O arquivo de paginação é muito pequeno para que esta operação seja concluída. (0x5AF)
[1228/141757.155:FATAL:thread_win.cc(27)] Check failed: . CreateThread: O arquivo de paginação é muito pequeno para que esta operação seja concluída. (0x5AF)
[1228/141757.171:FATAL:thread_win.cc(27)] Check failed: . CreateThread: Error (0x13D) while retrieving error. (0x5AF)
[1228/141757.186:ERROR:crashpad_client_win.cc(131)] crash server failed to launch, self-terminating
[1228/141757.264:ERROR:filesystem_win.cc(129)] GetFileAttributes C:\Users\881912\AppData\Local\Temp\scoped_dir11256_520938551\Crashpad\attachments\89c568e7-10c9-4b5a-81c0-d70b2163a2fc: O sistema não pode encontrar o caminho especificado. (0x3)
[1228/141757.280:ERROR:filesystem_win.cc(129)] GetFileAttributes C:\Users\881912\AppData\Local\Temp\scoped_dir9472_840510334\Crashpad\attachments\74f066be-3229-4f08-bfc8-9f771b932b17: O sistema não pode encontrar o caminho especificado. (0x3)
[1228/141757.327:ERROR:filesystem_win.cc(129)] GetFileAttributes C:\Users\881912\AppData\Local\Temp\scoped_dir2504_1067519183\Crashpad\attachments\8535f113-db37-4423-9205-802b101236e2: O sistema não pode encontrar o caminho especificado. (0x3)
[1228/141757.342:ERROR:process_info.cc(359)] UncheckedAllocate
[1228/141758.015:ERROR:registration_protocol_win.cc(130)] TransactNamedPipe: O pipe foi finalizado. (0x6D)
[1228/141758.075:ERROR:registration_protocol_win.cc(130)] TransactNamedPipe: O pipe foi finalizado. (0x6D)
[1228/141758.087:ERROR:registration_protocol_win.cc(130)] TransactNamedPipe: O pipe foi finalizado. (0x6D)
[1228/141758.194:ERROR:registration_protocol_win.cc(130)] TransactNamedPipe: O pipe foi finalizado. (0x6D)
[1228/141758.213:ERROR:registration_protocol_win.cc(130)] TransactNamedPipe: O pipe foi finalizado. (0x6D)
[1228/141758.471:ERROR:file_io.cc(90)] ReadExactly: expected 40, observed 0
[1228/141759.004:ERROR:registration_protocol_win.cc(130)] TransactNamedPipe: O pipe foi finalizado. (0x6D)
[1228/141759.738:ERROR:crashpad_client_win.cc(131)] crash server failed to launch, self-terminating
[1228/141759.815:ERROR:crashpad_client_win.cc(131)] crash server failed to launch, self-terminating
[1228/141759.863:ERROR:crashpad_client_win.cc(131)] crash server failed to launch, self-terminating
[1228/141800.999:ERROR:crashpad_client_win.cc(131)] crash server failed to launch, self-terminating
[1228/141802.881:ERROR:registration_protocol_win.cc(130)] TransactNamedPipe: O pipe foi finalizado. (0x6D)
[1228/141806.990:ERROR:filesystem_win.cc(129)] GetFileAttributes C:\Users\881912\AppData\Local\Temp\scoped_dir16076_1327803895\Crashpad\attachments\a607752d-cb9f-4cea-a3a7-851c4f7f98e7: O sistema não pode encontrar o caminho especificado. (0x3)
[1228/141807.031:ERROR:filesystem_win.cc(129)] GetFileAttributes C:\Users\881912\AppData\Local\Temp\scoped_dir17772_413640450\Crashpad\attachments\d1aba6b6-f863-49e1-a2fb-ec96172cf6d3: O sistema não pode encontrar o caminho especificado. (0x3)
[1228/141807.040:ERROR:filesystem_win.cc(129)] GetFileAttributes C:\Users\881912\AppData\Local\Temp\scoped_dir18092_936153255\Crashpad\attachments\8844b633-def2-47d7-8631-6922d939fb0a: O sistema não pode encontrar o caminho especificado. (0x3)
[1228/144255.474:ERROR:process_info.cc(359)] UncheckedAllocate
[1228/144255.490:ERROR:process_info.cc(359)] UncheckedAllocate
[1228/144255.512:ERROR:filesystem_win.cc(129)] GetFileAttributes C:\Users\881912\AppData\Local\Temp\scoped_dir20680_58170426\Crashpad\attachments\f74d8df7-b26d-4401-8332-dd5a618e717b: O sistema não pode encontrar o caminho especificado. (0x3)
[1228/144325.649:ERROR:directory_reader_win.cc(43)] FindFirstFile: O sistema não pode encontrar o caminho especificado. (0x3)
[1228/145426.549:ERROR:directory_reader_win.cc(43)] FindFirstFile: O sistema não pode encontrar o caminho especificado. (0x3)
[1228/145504.786:ERROR:process_info.cc(359)] UncheckedAllocate
[1228/145504.831:ERROR:filesystem_win.cc(129)] GetFileAttributes C:\Users\881912\AppData\Local\Temp\scoped_dir17208_1872129979\Crashpad\attachments\af32d575-a80d-4f97-8a51-2cef9ebc35ae: O sistema não pode encontrar o caminho especificado. (0x3)
[1228/154353.538:ERROR:directory_reader_win.cc(43)] FindFirstFile: O sistema não pode encontrar o caminho especificado. (0x3)
[1228/162555.931:ERROR:directory_reader_win.cc(43)] FindFirstFile: O sistema não pode encontrar o caminho especificado. (0x3)
[1228/171104.442:ERROR:process_info.cc(359)] UncheckedAllocate
[1228/171104.448:ERROR:process_info.cc(359)] UncheckedAllocate
[1228/171104.522:ERROR:filesystem_win.cc(129)] GetFileAttributes C:\Users\881912\AppData\Local\Temp\scoped_dir6216_303284530\Crashpad\attachments\17f4cdda-31b5-4d17-a48e-6b20ef25c62c: O sistema não pode encontrar o caminho especificado. (0x3)
[1228/171257.504:ERROR:directory_reader_win.cc(43)] FindFirstFile: O sistema não pode encontrar o caminho especificado. (0x3)
[1228/171257.505:ERROR:prune_crash_reports.cc(36)] PruneCrashReportDatabase: Failed to get pending reports
[1228/171631.902:ERROR:directory_reader_win.cc(43)] FindFirstFile: O sistema não pode encontrar o caminho especificado. (0x3)
[1228/171631.903:ERROR:prune_crash_reports.cc(36)] PruneCrashReportDatabase: Failed to get pending reports
[1228/171822.171:ERROR:directory_reader_win.cc(43)] FindFirstFile: O sistema não pode encontrar o caminho especificado. (0x3)
[1229/105949.974:ERROR:directory_reader_win.cc(43)] FindFirstFile: O sistema não pode encontrar o caminho especificado. (0x3)
[1229/120455.602:ERROR:directory_reader_win.cc(43)] FindFirstFile: O sistema não pode encontrar o caminho especificado. (0x3)
[1229/135503.450:ERROR:filesystem_win.cc(129)] GetFileAttributes C:\Users\881912\AppData\Local\Temp\scoped_dir18220_373552298\Crashpad\attachments\c5ae3297-7c62-4428-986f-7b2030ef5abd: O sistema não pode encontrar o caminho especificado. (0x3)
[1229/140211.413:ERROR:directory_reader_win.cc(43)] FindFirstFile: O sistema não pode encontrar o caminho especificado. (0x3)
[1229/140211.414:ERROR:prune_crash_reports.cc(36)] PruneCrashReportDatabase: Failed to get pending reports
[1229/142224.350:ERROR:process_info.cc(359)] UncheckedAllocate
[1229/142224.402:ERROR:filesystem_win.cc(129)] GetFileAttributes C:\Users\881912\AppData\Local\Temp\scoped_dir6964_1591186213\Crashpad\attachments\3166c027-f00b-4999-af86-ffae1edeb60e: O sistema não pode encontrar o caminho especificado. (0x3)
[1229/142225.252:ERROR:process_info.cc(359)] UncheckedAllocate
[1229/142231.339:ERROR:process_info.cc(359)] UncheckedAllocate
[1229/142231.354:ERROR:process_info.cc(359)] UncheckedAllocate
[1229/142231.384:ERROR:filesystem_win.cc(129)] GetFileAttributes C:\Users\881912\AppData\Local\Temp\scoped_dir2600_1871490260\Crashpad\attachments\fa75ad69-b9d6-491c-b692-e5033e80b5ec: O sistema não pode encontrar o caminho especificado. (0x3)
[1229/142240.637:ERROR:filesystem_win.cc(129)] GetFileAttributes C:\Users\881912\AppData\Local\Temp\scoped_dir12736_1005817600\Crashpad\attachments\dcbd4880-0d04-4ec8-9c8d-179f342bed1a: O sistema não pode encontrar o caminho especificado. (0x3)
[1229/142241.778:ERROR:process_info.cc(359)] UncheckedAllocate
[1229/142241.779:ERROR:process_info.cc(359)] UncheckedAllocate
[1229/142241.824:ERROR:filesystem_win.cc(129)] GetFileAttributes C:\Users\881912\AppData\Local\Temp\scoped_dir15960_1046855411\Crashpad\attachments\58cdbb3f-477e-419b-bc0c-54bb94b38062: O sistema não pode encontrar o caminho especificado. (0x3)
[1229/142242.628:ERROR:process_info.cc(359)] UncheckedAllocate
[1229/142242.656:ERROR:process_info.cc(359)] UncheckedAllocate
